0 info it worked if it ends with ok
1 verbose cli [ '/usr/bin/nodejs', '/usr/bin/npm', 'run', 'build' ]
2 info using npm@4.1.2
3 info using node@v7.7.4
4 verbose run-script [ 'prebuild', 'build', 'postbuild' ]
5 info lifecycle estudiandovuejs@1.0.0~prebuild: estudiandovuejs@1.0.0
6 silly lifecycle estudiandovuejs@1.0.0~prebuild: no script for prebuild, continuing
7 info lifecycle estudiandovuejs@1.0.0~build: estudiandovuejs@1.0.0
8 verbose lifecycle estudiandovuejs@1.0.0~build: unsafe-perm in lifecycle true
9 verbose lifecycle estudiandovuejs@1.0.0~build: PATH: /usr/lib/node_modules/npm/bin/node-gyp-bin:/home/obelich/git/estudiandoVueJs/node_modules/.bin:/usr/local/heroku/bin:/home/obelich/.rvm/gems/ruby-2.4.0/bin:/home/obelich/.rvm/gems/ruby-2.4.0@global/bin:/home/obelich/.rvm/rubies/ruby-2.4.0/bin:/usr/local/heroku/bin:/usr/local/sbin:/usr/local/bin:/usr/sbin:/usr/bin:/sbin:/bin:/usr/games:/usr/local/games:/home/obelich/.rvm/bin:/home/obelich/.rvm/bin:/home/obelich/.rvm/bin:/home/obelich/.rvm/bin
10 verbose lifecycle estudiandovuejs@1.0.0~build: CWD: /home/obelich/git/estudiandoVueJs
11 silly lifecycle estudiandovuejs@1.0.0~build: Args: [ '-c', 'webpack --watch --colors' ]
12 silly lifecycle estudiandovuejs@1.0.0~build: Returned: code: 1  signal: null
13 info lifecycle estudiandovuejs@1.0.0~build: Failed to exec build script
14 verbose stack Error: estudiandovuejs@1.0.0 build: `webpack --watch --colors`
14 verbose stack Exit status 1
14 verbose stack     at EventEmitter.<anonymous> (/usr/lib/node_modules/npm/lib/utils/lifecycle.js:279:16)
14 verbose stack     at emitTwo (events.js:106:13)
14 verbose stack     at EventEmitter.emit (events.js:194:7)
14 verbose stack     at ChildProcess.<anonymous> (/usr/lib/node_modules/npm/lib/utils/spawn.js:40:14)
14 verbose stack     at emitTwo (events.js:106:13)
14 verbose stack     at ChildProcess.emit (events.js:194:7)
14 verbose stack     at maybeClose (internal/child_process.js:899:16)
14 verbose stack     at Process.ChildProcess._handle.onexit (internal/child_process.js:226:5)
15 verbose pkgid estudiandovuejs@1.0.0
16 verbose cwd /home/obelich/git/estudiandoVueJs
17 error Linux 4.4.0-66-generic
18 error argv "/usr/bin/nodejs" "/usr/bin/npm" "run" "build"
19 error node v7.7.4
20 error npm  v4.1.2
21 error code ELIFECYCLE
22 error estudiandovuejs@1.0.0 build: `webpack --watch --colors`
22 error Exit status 1
23 error Failed at the estudiandovuejs@1.0.0 build script 'webpack --watch --colors'.
23 error Make sure you have the latest version of node.js and npm installed.
23 error If you do, this is most likely a problem with the estudiandovuejs package,
23 error not with npm itself.
23 error Tell the author that this fails on your system:
23 error     webpack --watch --colors
23 error You can get information on how to open an issue for this project with:
23 error     npm bugs estudiandovuejs
23 error Or if that isn't available, you can get their info via:
23 error     npm owner ls estudiandovuejs
23 error There is likely additional logging output above.
24 verbose exit [ 1, true ]
